<?xml version="1.0" encoding="UTF-8"?>
<!-- Generated by org.testng.reporters.JUnitReportReporter -->
<testsuite hostname="Chanduru-PC" name="gsr.Qbend.Admin.BookCatalogCIssue" tests="2" failures="0" timestamp="27 Apr 2014 05:35:38 GMT" time="135.166" errors="0">
  <testcase name="VaildContentIssus" time="79.999" classname="gsr.Qbend.Admin.BookCatalogCIssue"/>
  <testcase name="VaildIssueContentTab" time="55.167" classname="gsr.Qbend.Admin.BookCatalogCIssue"/>
</testsuite> <!-- gsr.Qbend.Admin.BookCatalogCIssue -->
